<?xml version="1.0" encoding="UTF-8"?>
<!-- Generated by org.testng.reporters.JUnitXMLReporter -->
<testsuite ignored="0" hostname="LAPTOP-KC8OPM64" failures="0" tests="3" name="Default test" time="14.406" errors="0" timestamp="2022-02-15T16:00:46 IST">
  <testcase classname="Tests.Login" name="TitleCheck" time="0.018"/>
  <testcase classname="Tests.Login" name="moneylink" time="8.153"/>
  <testcase classname="Tests.Login" name="ValidLogin" time="6.209"/>
</testsuite> <!-- Default test -->
