<?xml version="1.0" encoding="UTF-8"?>
<!-- Generated by org.testng.reporters.JUnitXMLReporter -->
<testsuite hostname="DESKTOP-OU0V01B" ignored="0" name="Grouping" tests="3" failures="3" timestamp="2022-01-25T11:55:09 IST" time="0.043" errors="0">
  <testcase name="TitleCheck" time="0.007" classname="Tests.Login">
    <failure type="java.lang.NullPointerException">
      <![CDATA[java.lang.NullPointerException
at Tests.Login.TitleCheck(Login.java:20)
at java.util.ArrayList.forEach(Unknown Source)
... Removed 27 stack frames]]>
    </failure>
  </testcase> <!-- TitleCheck -->
  <testcase name="InvalidLogin" time="0.002" classname="Tests.Login">
    <failure type="java.lang.NullPointerException">
      <![CDATA[java.lang.NullPointerException
at Tests.Login.InvalidLogin(Login.java:32)
at java.util.ArrayList.forEach(Unknown Source)
... Removed 27 stack frames]]>
    </failure>
  </testcase> <!-- InvalidLogin -->
  <testcase name="ValidLogin" time="0.0" classname="Tests.Login">
    <failure type="java.lang.NullPointerException">
      <![CDATA[java.lang.NullPointerException
at Tests.Login.ValidLogin(Login.java:60)
at java.util.ArrayList.forEach(Unknown Source)
... Removed 27 stack frames]]>
    </failure>
  </testcase> <!-- ValidLogin -->
</testsuite> <!-- Grouping -->
