<?xml version="1.0" encoding="UTF-8"?>
<!-- Generated by org.testng.reporters.JUnitXMLReporter -->
<testsuite ignored="0" hostname="LAPTOP-KC8OPM64" failures="1" tests="3" name="Tests" time="17.022" errors="0" timestamp="2022-02-15T16:28:13 IST">
  <testcase classname="Tests.Login" name="TitleCheck" time="0.014">
    <failure type="java.lang.AssertionError" message="The following asserts failed:
	expected [Rediff.com: News | Rediffmail | Stock Quotes | Shoppingpingngngngngngng / kkk] but found [Rediff.com: News | Rediffmail | Stock Quotes | Shopping]">
      <![CDATA[java.lang.AssertionError: The following asserts failed:
expected [Rediff.com: News | Rediffmail | Stock Quotes | Shoppingpingngngngngngng / kkk] but found [Rediff.com: News | Rediffmail | Stock Quotes | Shopping]
at Tests.Login.TitleCheck(Login.java:39)
at java.base/java.util.ArrayList.forEach(ArrayList.java:1511)
... Removed 29 stack frames]]>
    </failure>
  </testcase> <!-- TitleCheck -->
  <testcase classname="Tests.Login" name="moneylink" time="8.134"/>
  <testcase classname="Tests.Login" name="ValidLogin" time="8.475"/>
</testsuite> <!-- Tests -->
