<?xml version="1.0" encoding="UTF-8"?>
<testng-results ignored="0" total="3" passed="2" failed="1" skipped="0">
  <reporter-output>
  </reporter-output>
  <suite started-at="2022-02-15T16:27:56 IST" name="SampleProjectSuite" finished-at="2022-02-15T16:28:13 IST" duration-ms="17022">
    <groups>
    </groups>
    <test started-at="2022-02-15T16:27:56 IST" name="Tests" finished-at="2022-02-15T16:28:13 IST" duration-ms="17022">
      <class name="Tests.Login">
        <test-method is-config="true" signature="Configuration()[pri:0, instance:Tests.Login@662b4c69]" started-at="2022-02-15T16:27:16 IST" name="Configuration" finished-at="2022-02-15T16:27:56 IST" duration-ms="39256" status="PASS">
          <reporter-output>
          </reporter-output>
        </test-method> <!-- Configuration -->
        <test-method signature="TitleCheck()[pri:1, instance:Tests.Login@662b4c69]" started-at="2022-02-15T16:27:56 IST" name="TitleCheck" description="To Verify the Title of the Page" finished-at="2022-02-15T16:27:56 IST" duration-ms="14" status="FAIL">
          <exception class="java.lang.AssertionError">
            <message>
              <![CDATA[The following asserts failed:
expected [Rediff.com: News | Rediffmail | Stock Quotes | Shoppingpingngngngngngng / kkk] but found [Rediff.com: News | Rediffmail | Stock Quotes | Shopping]]]>
            </message>
            <full-stacktrace>
              <![CDATA[java.lang.AssertionError: The following asserts failed:
expected [Rediff.com: News | Rediffmail | Stock Quotes | Shoppingpingngngngngngng / kkk] but found [Rediff.com: News | Rediffmail | Stock Quotes | Shopping]
at org.testng.asserts.SoftAssert.assertAll(SoftAssert.java:47)
at org.testng.asserts.SoftAssert.assertAll(SoftAssert.java:31)
at Tests.Login.TitleCheck(Login.java:39)
at java.base/jdk.internal.reflect.NativeMethodAccessorImpl.invoke0(Native Method)
at java.base/jdk.internal.reflect.NativeMethodAccessorImpl.invoke(NativeMethodAccessorImpl.java:64)
at java.base/jdk.internal.reflect.DelegatingMethodAccessorImpl.invoke(DelegatingMethodAccessorImpl.java:43)
at java.base/java.lang.reflect.Method.invoke(Method.java:564)
at org.testng.internal.MethodInvocationHelper.invokeMethod(MethodInvocationHelper.java:132)
at org.testng.internal.TestInvoker.invokeMethod(TestInvoker.java:599)
at org.testng.internal.TestInvoker.invokeTestMethod(TestInvoker.java:174)
at org.testng.internal.MethodRunner.runInSequence(MethodRunner.java:46)
at org.testng.internal.TestInvoker$MethodInvocationAgent.invoke(TestInvoker.java:822)
at org.testng.internal.TestInvoker.invokeTestMethods(TestInvoker.java:147)
at org.testng.internal.TestMethodWorker.invokeTestMethods(TestMethodWorker.java:146)
at org.testng.internal.TestMethodWorker.run(TestMethodWorker.java:128)
at java.base/java.util.ArrayList.forEach(ArrayList.java:1511)
at org.testng.TestRunner.privateRun(TestRunner.java:764)
at org.testng.TestRunner.run(TestRunner.java:585)
at org.testng.SuiteRunner.runTest(SuiteRunner.java:384)
at org.testng.SuiteRunner.runSequentially(SuiteRunner.java:378)
at org.testng.SuiteRunner.privateRun(SuiteRunner.java:337)
at org.testng.SuiteRunner.run(SuiteRunner.java:286)
at org.testng.SuiteRunnerWorker.runSuite(SuiteRunnerWorker.java:53)
at org.testng.SuiteRunnerWorker.run(SuiteRunnerWorker.java:96)
at org.testng.TestNG.runSuitesSequentially(TestNG.java:1218)
at org.testng.TestNG.runSuitesLocally(TestNG.java:1140)
at org.testng.TestNG.runSuites(TestNG.java:1069)
at org.testng.TestNG.run(TestNG.java:1037)
at org.testng.remote.AbstractRemoteTestNG.run(AbstractRemoteTestNG.java:115)
at org.testng.remote.RemoteTestNG.initAndRun(RemoteTestNG.java:251)
at org.testng.remote.RemoteTestNG.main(RemoteTestNG.java:77)
]]>
            </full-stacktrace>
          </exception> <!-- java.lang.AssertionError -->
          <reporter-output>
          </reporter-output>
        </test-method> <!-- TitleCheck -->
        <test-method is-config="true" signature="getResult(org.testng.ITestResult)[pri:0, instance:Tests.Login@662b4c69]" started-at="2022-02-15T16:27:56 IST" name="getResult" finished-at="2022-02-15T16:27:56 IST" duration-ms="372" status="PASS">
          <params>
            <param index="0">
              <value>
                <![CDATA[[TestResult name=TitleCheck status=FAILURE method=Login.TitleCheck()[pri:1, instance:Tests.Login@662b4c69] output={null}]]]>
              </value>
            </param>
          </params>
          <reporter-output>
          </reporter-output>
        </test-method> <!-- getResult -->
        <test-method signature="moneylink()[pri:2, instance:Tests.Login@662b4c69]" started-at="2022-02-15T16:27:56 IST" name="moneylink" description="Click on money link and assert" finished-at="2022-02-15T16:28:04 IST" duration-ms="8134" status="PASS">
          <reporter-output>
          </reporter-output>
        </test-method> <!-- moneylink -->
        <test-method is-config="true" signature="getResult(org.testng.ITestResult)[pri:0, instance:Tests.Login@662b4c69]" started-at="2022-02-15T16:28:04 IST" name="getResult" finished-at="2022-02-15T16:28:04 IST" duration-ms="0" status="PASS">
          <params>
            <param index="0">
              <value>
                <![CDATA[[TestResult name=moneylink status=SUCCESS method=Login.moneylink()[pri:2, instance:Tests.Login@662b4c69] output={null}]]]>
              </value>
            </param>
          </params>
          <reporter-output>
          </reporter-output>
        </test-method> <!-- getResult -->
        <test-method signature="ValidLogin()[pri:3, instance:Tests.Login@662b4c69]" started-at="2022-02-15T16:28:04 IST" name="ValidLogin" description="To verify valid login scenario" finished-at="2022-02-15T16:28:13 IST" duration-ms="8475" status="PASS">
          <reporter-output>
          </reporter-output>
        </test-method> <!-- ValidLogin -->
        <test-method is-config="true" signature="getResult(org.testng.ITestResult)[pri:0, instance:Tests.Login@662b4c69]" started-at="2022-02-15T16:28:13 IST" name="getResult" finished-at="2022-02-15T16:28:13 IST" duration-ms="1" status="PASS">
          <params>
            <param index="0">
              <value>
                <![CDATA[[TestResult name=ValidLogin status=SUCCESS method=Login.ValidLogin()[pri:3, instance:Tests.Login@662b4c69] output={null}]]]>
              </value>
            </param>
          </params>
          <reporter-output>
          </reporter-output>
        </test-method> <!-- getResult -->
        <test-method is-config="true" signature="afterconfig()[pri:0, instance:Tests.Login@662b4c69]" started-at="2022-02-15T16:28:13 IST" name="afterconfig" finished-at="2022-02-15T16:28:14 IST" duration-ms="951" status="PASS">
          <reporter-output>
          </reporter-output>
        </test-method> <!-- afterconfig -->
      </class> <!-- Tests.Login -->
    </test> <!-- Tests -->
  </suite> <!-- SampleProjectSuite -->
</testng-results>
